[03:10:21.572][info] [#0:/home/moffinguer/.local/share/nvim/mason/packages/lua-server-lang/main.lua:66]: Lua Lsp startup, root: 	/home/moffinguer/.local/share/nvim/mason/packages/lua-server-lang
[03:10:21.572][info] [#0:/home/moffinguer/.local/share/nvim/mason/packages/lua-server-lang/main.lua:67]: ROOT:	/home/moffinguer/.local/share/nvim/mason/packages/lua-server-lang
[03:10:21.572][info] [#0:/home/moffinguer/.local/share/nvim/mason/packages/lua-server-lang/main.lua:68]: LOGPATH:	/home/moffinguer/.local/share/nvim/mason/packages/lua-server-lang/log
[03:10:21.572][info] [#0:/home/moffinguer/.local/share/nvim/mason/packages/lua-server-lang/main.lua:69]: METAPATH:	/home/moffinguer/.local/share/nvim/mason/packages/lua-server-lang/meta
[03:10:21.574][info] [#0:/home/moffinguer/.local/share/nvim/mason/packages/lua-server-lang/main.lua:70]: VERSION:	3.6.22
[03:10:21.634][info] [#0:script/service/service.lua:144]: 
========= Medical Examination Report =========
    --------------- Memory ---------------
        Total: 1.318 MB
        # 00 : 1.318 MB
        # 01 : 0.000 MB
        # 02 : 0.000 MB
        # 03 : 0.000 MB
        # 04 : 0.000 MB
    --------------- Coroutine ---------------
        Total:     0
        Running:   0
        Suspended: 0
        Normal:    0
        Dead:      0
    --------------- Cache ---------------
        Total: 1
        Dead:  0
    ---------------  RPC  ---------------
        Holdon:   0
        Waiting:  0
==============================================
[03:10:21.644][info] [#0:script/client.lua:657]: Client init	{
  capabilities = {
    textDocument = {
      callHierarchy = {
        dynamicRegistration = false
      },
      codeAction = {
        codeActionLiteralSupport = {
          codeActionKind = {
            valueSet = { "", "quickfix", "refactor", "refactor.extract", "refactor.inline", "refactor.rewrite", "source", "source.organizeImports" }
          }
        },
        dataSupport = true,
        dynamicRegistration = false,
        isPreferredSupport = true,
        resolveSupport = {
          properties = { "edit" }
        }
      },
      completion = {
        completionItem = {
          commitCharactersSupport = false,
          deprecatedSupport = false,
          documentationFormat = { "markdown", "plaintext" },
          preselectSupport = false,
          snippetSupport = false
        },
        completionItemKind = {
          valueSet = { 1, 2, 3, 4, 5, 6, 7, 8, 9, 10, 11, 12, 13, 14, 15, 16, 17, 18, 19, 20, 21, 22, 23, 24, 25 }
        },
        contextSupport = false,
        dynamicRegistration = false
      },
      declaration = {
        linkSupport = true
      },
      definition = {
        linkSupport = true
      },
      documentHighlight = {
        dynamicRegistration = false
      },
      documentSymbol = {
        dynamicRegistration = false,
        hierarchicalDocumentSymbolSupport = true,
        symbolKind = {
          valueSet = { 1, 2, 3, 4, 5, 6, 7, 8, 9, 10, 11, 12, 13, 14, 15, 16, 17, 18, 19, 20, 21, 22, 23, 24, 25, 26 }
        }
      },
      hover = {
        contentFormat = { "markdown", "plaintext" },
        dynamicRegistration = false
      },
      implementation = {
        linkSupport = true
      },
      publishDiagnostics = {
        relatedInformation = true,
        tagSupport = {
          valueSet = { 1, 2 }
        }
      },
      references = {
        dynamicRegistration = false
      },
      rename = {
        dynamicRegistration = false,
        prepareSupport = true
      },
      semanticTokens = {
        augmentsSyntaxTokens = true,
        dynamicRegistration = false,
        formats = { "relative" },
        multilineTokenSupport = false,
        overlappingTokenSupport = true,
        requests = {
          full = {
            delta = true
          },
          range = false
        },
        serverCancelSupport = false,
        tokenModifiers = { "declaration", "definition", "readonly", "static", "deprecated", "abstract", "async", "modification", "documentation", "defaultLibrary" },
        tokenTypes = { "namespace", "type", "class", "enum", "interface", "struct", "typeParameter", "parameter", "variable", "property", "enumMember", "event", "function", "method", "macro", "keyword", "modifier", "comment", "string", "number", "regexp", "operator", "decorator" }
      },
      signatureHelp = {
        dynamicRegistration = false,
        signatureInformation = {
          activeParameterSupport = true,
          documentationFormat = { "markdown", "plaintext" },
          parameterInformation = {
            labelOffsetSupport = true
          }
        }
      },
      synchronization = {
        didSave = true,
        dynamicRegistration = false,
        willSave = true,
        willSaveWaitUntil = true
      },
      typeDefinition = {
        linkSupport = true
      }
    },
    window = {
      showDocument = {
        support = true
      },
      showMessage = {
        messageActionItem = {
          additionalPropertiesSupport = false
        }
      },
      workDoneProgress = true
    },
    workspace = {
      applyEdit = true,
      configuration = true,
      didChangeWatchedFiles = {
        dynamicRegistration = false,
        relativePatternSupport = true
      },
      semanticTokens = {
        refreshSupport = true
      },
      symbol = {
        dynamicRegistration = false,
        hierarchicalWorkspaceSymbolSupport = true,
        symbolKind = {
          valueSet = { 1, 2, 3, 4, 5, 6, 7, 8, 9, 10, 11, 12, 13, 14, 15, 16, 17, 18, 19, 20, 21, 22, 23, 24, 25, 26 }
        }
      },
      workspaceEdit = {
        resourceOperations = { "rename", "create", "delete" }
      },
      workspaceFolders = true
    }
  },
  clientInfo = {
    name = "Neovim",
    version = "0.9.1"
  },
  initializationOptions = {},
  processId = 14472,
  rootPath = "/home/moffinguer/.config/nvim/lua",
  rootUri = "file:///home/moffinguer/.config/nvim/lua",
  trace = "off",
  workspaceFolders = { {
      name = "/home/moffinguer/.config/nvim/lua",
      uri = "file:///home/moffinguer/.config/nvim/lua"
    } }
}
[03:10:21.644][info] [#0:script/language.lua:137]: VSC language: nil
[03:10:21.644][info] [#0:script/language.lua:138]: LS  language: en-us
[03:10:21.644][info] [#0:script/workspace/workspace.lua:38]: Workspace init root: 	file:///home/moffinguer/.config/nvim/lua
[03:10:21.644][info] [#0:script/workspace/workspace.lua:42]: Log path: 	/home/moffinguer/.local/share/nvim/mason/packages/lua-server-lang/log/file_home_moffinguer_.config_nvim_lua.log
[03:10:21.645][info] [#0:script/workspace/workspace.lua:48]: Workspace create: 	file:///home/moffinguer/.config/nvim/lua
[03:10:21.850][info] [#0:script/provider/provider.lua:46]: Load config from client	file:///home/moffinguer/.config/nvim/lua
[03:10:21.850][info] [#0:script/provider/provider.lua:47]: {
  Lua = {
    completing = {
      enable = true
    },
    diagnostics = {
      globals = { "vim" }
    },
    runtime = {
      version = "Lua 5.4"
    },
    telemetry = {
      enable = false
    },
    workspace = {
      checkThirdParty = false
    }
  }
}
[03:10:21.851][info] [#0:script/provider/provider.lua:53]: Load config from .luarc.json/.luarc.jsonc	file:///home/moffinguer/.config/nvim/lua
[03:10:21.852][info] [#0:script/provider/provider.lua:54]: {
  ["workspace.library"] = { "/home/moffinguer/.config/nvim", "/home/moffinguer/.config/nvim/autoload/plugged/supertab", "/home/moffinguer/.config/nvim/autoload/plugged/bad-whitespace", "/home/moffinguer/.config/nvim/autoload/plugged/Trailer-Trash", "/home/moffinguer/.config/nvim/autoload/plugged/detectindent", "/home/moffinguer/.config/nvim/autoload/plugged/auto-pairs", "/home/moffinguer/.config/nvim/autoload/plugged/vim-monochrome", "/home/moffinguer/.config/nvim/autoload/plugged/vim-256noir", "/home/moffinguer/.config/nvim/autoload/plugged/vim-airline", "/home/moffinguer/.config/nvim/autoload/plugged/vim-airline-themes", "/home/moffinguer/.config/nvim/autoload/plugged/nvim-web-devicons", "/home/moffinguer/.config/nvim/autoload/plugged/nerdcommenter", "/home/moffinguer/.config/nvim/autoload/plugged/vim-gitgutter", "/home/moffinguer/.config/nvim/autoload/plugged/vim-sneak", "/home/moffinguer/.config/nvim/autoload/plugged/nvim-colorizer.lua", "/home/moffinguer/.config/nvim/autoload/plugged/nvim-lspconfig", "/home/moffinguer/.config/nvim/autoload/plugged/nvim-jdtls", "/home/moffinguer/.config/nvim/autoload/plugged/nvim-cmp", "/home/moffinguer/.config/nvim/autoload/plugged/cmp-nvim-lsp", "/home/moffinguer/.config/nvim/autoload/plugged/cmp_luasnip", "/home/moffinguer/.config/nvim/autoload/plugged/LuaSnip", "/home/moffinguer/.config/nvim/autoload/plugged/nvim-treesitter", "/home/moffinguer/.config/nvim/autoload/plugged/fzf", "/etc/xdg/nvim", "/home/moffinguer/.local/share/nvim/site", "/usr/share/nvim/runtime", "/usr/lib/nvim", "/home/moffinguer/.config/nvim/autoload/plugged/cmp-nvim-lsp/after", "/home/moffinguer/.config/nvim/autoload/plugged/cmp_luasnip/after", "/usr/share/vim/vimfiles", "${3rd}/luassert/library" }
}
[03:10:21.853][info] [#0:script/provider/provider.lua:46]: Load config from client	file:///home/moffinguer/.config/nvim/lua
[03:10:21.853][info] [#0:script/provider/provider.lua:47]: {
  Lua = {
    completing = {
      enable = true
    },
    diagnostics = {
      globals = { "vim" }
    },
    runtime = {
      version = "Lua 5.4"
    },
    telemetry = {
      enable = false
    },
    workspace = {
      checkThirdParty = false
    }
  }
}
[03:10:21.854][info] [#0:script/provider/provider.lua:53]: Load config from .luarc.json/.luarc.jsonc	file:///home/moffinguer/.config/nvim/lua
[03:10:21.856][info] [#0:script/provider/provider.lua:54]: {
  ["workspace.library"] = { "/home/moffinguer/.config/nvim", "/home/moffinguer/.config/nvim/autoload/plugged/supertab", "/home/moffinguer/.config/nvim/autoload/plugged/bad-whitespace", "/home/moffinguer/.config/nvim/autoload/plugged/Trailer-Trash", "/home/moffinguer/.config/nvim/autoload/plugged/detectindent", "/home/moffinguer/.config/nvim/autoload/plugged/auto-pairs", "/home/moffinguer/.config/nvim/autoload/plugged/vim-monochrome", "/home/moffinguer/.config/nvim/autoload/plugged/vim-256noir", "/home/moffinguer/.config/nvim/autoload/plugged/vim-airline", "/home/moffinguer/.config/nvim/autoload/plugged/vim-airline-themes", "/home/moffinguer/.config/nvim/autoload/plugged/nvim-web-devicons", "/home/moffinguer/.config/nvim/autoload/plugged/nerdcommenter", "/home/moffinguer/.config/nvim/autoload/plugged/vim-gitgutter", "/home/moffinguer/.config/nvim/autoload/plugged/vim-sneak", "/home/moffinguer/.config/nvim/autoload/plugged/nvim-colorizer.lua", "/home/moffinguer/.config/nvim/autoload/plugged/nvim-lspconfig", "/home/moffinguer/.config/nvim/autoload/plugged/nvim-jdtls", "/home/moffinguer/.config/nvim/autoload/plugged/nvim-cmp", "/home/moffinguer/.config/nvim/autoload/plugged/cmp-nvim-lsp", "/home/moffinguer/.config/nvim/autoload/plugged/cmp_luasnip", "/home/moffinguer/.config/nvim/autoload/plugged/LuaSnip", "/home/moffinguer/.config/nvim/autoload/plugged/nvim-treesitter", "/home/moffinguer/.config/nvim/autoload/plugged/fzf", "/etc/xdg/nvim", "/home/moffinguer/.local/share/nvim/site", "/usr/share/nvim/runtime", "/usr/lib/nvim", "/home/moffinguer/.config/nvim/autoload/plugged/cmp-nvim-lsp/after", "/home/moffinguer/.config/nvim/autoload/plugged/cmp_luasnip/after", "/usr/share/vim/vimfiles", "${3rd}/luassert/library" }
}
[03:10:21.856][info] [#0:script/provider/provider.lua:46]: Load config from client	file:///home/moffinguer/.config/nvim/lua
[03:10:21.857][info] [#0:script/provider/provider.lua:47]: {
  Lua = {
    completing = {
      enable = true
    },
    diagnostics = {
      globals = { "vim" }
    },
    runtime = {
      version = "Lua 5.4"
    },
    telemetry = {
      enable = false
    },
    workspace = {
      checkThirdParty = false
    }
  }
}
[03:10:21.858][info] [#0:script/provider/provider.lua:53]: Load config from .luarc.json/.luarc.jsonc	file:///home/moffinguer/.config/nvim/lua
[03:10:21.859][info] [#0:script/provider/provider.lua:54]: {
  ["workspace.library"] = { "/home/moffinguer/.config/nvim", "/home/moffinguer/.config/nvim/autoload/plugged/supertab", "/home/moffinguer/.config/nvim/autoload/plugged/bad-whitespace", "/home/moffinguer/.config/nvim/autoload/plugged/Trailer-Trash", "/home/moffinguer/.config/nvim/autoload/plugged/detectindent", "/home/moffinguer/.config/nvim/autoload/plugged/auto-pairs", "/home/moffinguer/.config/nvim/autoload/plugged/vim-monochrome", "/home/moffinguer/.config/nvim/autoload/plugged/vim-256noir", "/home/moffinguer/.config/nvim/autoload/plugged/vim-airline", "/home/moffinguer/.config/nvim/autoload/plugged/vim-airline-themes", "/home/moffinguer/.config/nvim/autoload/plugged/nvim-web-devicons", "/home/moffinguer/.config/nvim/autoload/plugged/nerdcommenter", "/home/moffinguer/.config/nvim/autoload/plugged/vim-gitgutter", "/home/moffinguer/.config/nvim/autoload/plugged/vim-sneak", "/home/moffinguer/.config/nvim/autoload/plugged/nvim-colorizer.lua", "/home/moffinguer/.config/nvim/autoload/plugged/nvim-lspconfig", "/home/moffinguer/.config/nvim/autoload/plugged/nvim-jdtls", "/home/moffinguer/.config/nvim/autoload/plugged/nvim-cmp", "/home/moffinguer/.config/nvim/autoload/plugged/cmp-nvim-lsp", "/home/moffinguer/.config/nvim/autoload/plugged/cmp_luasnip", "/home/moffinguer/.config/nvim/autoload/plugged/LuaSnip", "/home/moffinguer/.config/nvim/autoload/plugged/nvim-treesitter", "/home/moffinguer/.config/nvim/autoload/plugged/fzf", "/etc/xdg/nvim", "/home/moffinguer/.local/share/nvim/site", "/usr/share/nvim/runtime", "/usr/lib/nvim", "/home/moffinguer/.config/nvim/autoload/plugged/cmp-nvim-lsp/after", "/home/moffinguer/.config/nvim/autoload/plugged/cmp_luasnip/after", "/usr/share/vim/vimfiles", "${3rd}/luassert/library" }
}
[03:10:21.860][info] [#0:script/provider/provider.lua:61]: Load config from client	fallback
[03:10:21.861][info] [#0:script/provider/provider.lua:62]: {
  Lua = {
    completing = {
      enable = true
    },
    diagnostics = {
      globals = { "vim" }
    },
    runtime = {
      version = "Lua 5.4"
    },
    telemetry = {
      enable = false
    },
    workspace = {
      checkThirdParty = false
    }
  }
}
[03:10:21.861][info] [#0:script/library.lua:212]: Init builtin library at:	file:///home/moffinguer/.config/nvim/lua
[03:10:21.912][info] [#0:script/plugin.lua:86]: plugin path:	/home/moffinguer/.config/nvim/lua
[03:10:21.912][warn] [#0:script/plugin.lua:101]: plugin not found:	/home/moffinguer/.config/nvim/lua
[03:10:21.912][info] [#0:script/library.lua:212]: Init builtin library at:	nil
[03:10:21.922][info] [#0:script/provider/provider.lua:61]: Load config from client	fallback
[03:10:21.922][info] [#0:script/provider/provider.lua:62]: {
  Lua = {
    completing = {
      enable = true
    },
    diagnostics = {
      globals = { "vim" }
    },
    runtime = {
      version = "Lua 5.4"
    },
    telemetry = {
      enable = false
    },
    workspace = {
      checkThirdParty = false
    }
  }
}
[03:10:21.922][info] [#0:script/provider/provider.lua:61]: Load config from client	fallback
[03:10:21.922][info] [#0:script/provider/provider.lua:62]: {
  Lua = {
    completing = {
      enable = true
    },
    diagnostics = {
      globals = { "vim" }
    },
    runtime = {
      version = "Lua 5.4"
    },
    telemetry = {
      enable = false
    },
    workspace = {
      checkThirdParty = false
    }
  }
}
[03:10:22.023][info] [#0:script/workspace/workspace.lua:322]: Preload start:	file:///home/moffinguer/.config/nvim/lua
[03:10:22.039][info] [#0:script/workspace/workspace.lua:328]: Scan files at:	file:///home/moffinguer/.config/nvim/lua
[03:10:22.040][info] [#0:script/workspace/workspace.lua:322]: Preload start:	<fallback>
[03:10:22.047][info] [#0:script/workspace/workspace.lua:351]: Scan library at:	file:///home/moffinguer/.local/share/nvim/mason/packages/lua-server-lang/meta/Lua%205.4%20en-us%20utf8/builtin.lua
[03:10:22.048][info] [#0:script/workspace/workspace.lua:351]: Scan library at:	file:///home/moffinguer/.local/share/nvim/mason/packages/lua-server-lang/meta/Lua%205.4%20en-us%20utf8/coroutine.lua
[03:10:22.049][info] [#0:script/workspace/workspace.lua:351]: Scan library at:	file:///home/moffinguer/.local/share/nvim/mason/packages/lua-server-lang/meta/Lua%205.4%20en-us%20utf8/utf8.lua
[03:10:22.049][info] [#0:script/workspace/workspace.lua:351]: Scan library at:	file:///home/moffinguer/.local/share/nvim/mason/packages/lua-server-lang/meta/Lua%205.4%20en-us%20utf8/table.lua
[03:10:22.049][info] [#0:script/workspace/workspace.lua:351]: Scan library at:	file:///home/moffinguer/.local/share/nvim/mason/packages/lua-server-lang/meta/Lua%205.4%20en-us%20utf8/basic.lua
[03:10:22.049][info] [#0:script/workspace/workspace.lua:351]: Scan library at:	file:///home/moffinguer/.config/nvim/autoload/plugged/cmp-nvim-lsp
[03:10:22.051][info] [#0:script/workspace/workspace.lua:351]: Scan library at:	file:///home/moffinguer/.local/share/nvim/mason/packages/lua-server-lang/meta/Lua%205.4%20en-us%20utf8/os.lua
[03:10:22.051][info] [#0:script/workspace/workspace.lua:351]: Scan library at:	file:///home/moffinguer/.local/share/nvim/mason/packages/lua-server-lang/meta/Lua%205.4%20en-us%20utf8/string.lua
[03:10:22.051][info] [#0:script/workspace/workspace.lua:351]: Scan library at:	file:///home/moffinguer/.local/share/nvim/mason/packages/lua-server-lang/meta/Lua%205.4%20en-us%20utf8/math.lua
[03:10:22.051][info] [#0:script/workspace/workspace.lua:351]: Scan library at:	file:///home/moffinguer/.local/share/nvim/mason/packages/lua-server-lang/meta/Lua%205.4%20en-us%20utf8/io.lua
[03:10:22.052][info] [#0:script/workspace/workspace.lua:351]: Scan library at:	file:///home/moffinguer/.local/share/nvim/mason/packages/lua-server-lang/meta/Lua%205.4%20en-us%20utf8/debug.lua
[03:10:22.052][info] [#0:script/workspace/workspace.lua:351]: Scan library at:	file:///home/moffinguer/.local/share/nvim/mason/packages/lua-server-lang/meta/Lua%205.4%20en-us%20utf8/package.lua
[03:10:22.052][info] [#0:script/workspace/workspace.lua:351]: Scan library at:	file:///home/moffinguer/.config/nvim/autoload/plugged/vim-sneak
[03:10:22.055][info] [#0:script/workspace/workspace.lua:351]: Scan library at:	file:///usr/share/vim/vimfiles
[03:10:22.057][info] [#0:script/workspace/workspace.lua:351]: Scan library at:	file:///home/moffinguer/.local/share/nvim/mason/packages/lua-server-lang/meta/Lua%205.4%20en-us%20utf8/utf8.lua
[03:10:22.057][info] [#0:script/workspace/workspace.lua:351]: Scan library at:	file:///home/moffinguer/.local/share/nvim/mason/packages/lua-server-lang/meta/Lua%205.4%20en-us%20utf8/package.lua
[03:10:22.057][info] [#0:script/workspace/workspace.lua:351]: Scan library at:	file:///home/moffinguer/.local/share/nvim/mason/packages/lua-server-lang/meta/Lua%205.4%20en-us%20utf8/basic.lua
[03:10:22.057][info] [#0:script/workspace/workspace.lua:351]: Scan library at:	file:///home/moffinguer/.config/nvim/autoload/plugged/nerdcommenter
[03:10:22.060][info] [#0:script/workspace/workspace.lua:351]: Scan library at:	file:///home/moffinguer/.local/share/nvim/mason/packages/lua-server-lang/meta/Lua%205.4%20en-us%20utf8/io.lua
[03:10:22.060][info] [#0:script/workspace/workspace.lua:351]: Scan library at:	file:///home/moffinguer/.config/nvim/autoload/plugged/cmp_luasnip
[03:10:22.061][info] [#0:script/workspace/workspace.lua:351]: Scan library at:	file:///usr/share/nvim/runtime
[03:10:22.150][info] [#0:script/workspace/workspace.lua:351]: Scan library at:	file:///home/moffinguer/.config/nvim/autoload/plugged/bad-whitespace
[03:10:22.151][info] [#0:script/workspace/workspace.lua:351]: Scan library at:	file:///home/moffinguer/.config/nvim/autoload/plugged/vim-monochrome
[03:10:22.152][info] [#0:script/workspace/workspace.lua:377]: Found 11 files at:	<fallback>
[03:10:22.152][info] [#0:script/workspace/loading.lua:161]: Load files from disk:	<fallback>
[03:10:22.152][info] [#0:script/workspace/workspace.lua:351]: Scan library at:	file:///home/moffinguer/.config/nvim/autoload/plugged/vim-airline-themes
[03:10:22.159][info] [#0:script/workspace/loading.lua:101]: Preload file at: file:///home/moffinguer/.local/share/nvim/mason/packages/lua-server-lang/meta/Lua%205.4%20en-us%20utf8/debug.lua , size = 7.637 KB
[03:10:22.164][info] [#0:script/workspace/loading.lua:113]: ++++As library of:	file:///home/moffinguer/.local/share/nvim/mason/packages/lua-server-lang/meta/Lua%205.4%20en-us%20utf8/debug.lua
[03:10:22.164][info] [#0:script/workspace/loading.lua:101]: Preload file at: file:///home/moffinguer/.local/share/nvim/mason/packages/lua-server-lang/meta/Lua%205.4%20en-us%20utf8/package.lua , size = 2.944 KB
[03:10:22.166][info] [#0:script/workspace/loading.lua:113]: ++++As library of:	file:///home/moffinguer/.local/share/nvim/mason/packages/lua-server-lang/meta/Lua%205.4%20en-us%20utf8/package.lua
[03:10:22.166][info] [#0:script/workspace/loading.lua:101]: Preload file at: file:///home/moffinguer/.local/share/nvim/mason/packages/lua-server-lang/meta/Lua%205.4%20en-us%20utf8/io.lua , size = 6.364 KB
[03:10:22.175][info] [#0:script/workspace/loading.lua:113]: ++++As library of:	file:///home/moffinguer/.local/share/nvim/mason/packages/lua-server-lang/meta/Lua%205.4%20en-us%20utf8/io.lua
[03:10:22.175][info] [#0:script/workspace/loading.lua:101]: Preload file at: file:///home/moffinguer/.local/share/nvim/mason/packages/lua-server-lang/meta/Lua%205.4%20en-us%20utf8/math.lua , size = 8.731 KB
[03:10:22.180][info] [#0:script/workspace/loading.lua:113]: ++++As library of:	file:///home/moffinguer/.local/share/nvim/mason/packages/lua-server-lang/meta/Lua%205.4%20en-us%20utf8/math.lua
[03:10:22.180][info] [#0:script/workspace/loading.lua:101]: Preload file at: file:///home/moffinguer/.local/share/nvim/mason/packages/lua-server-lang/meta/Lua%205.4%20en-us%20utf8/string.lua , size = 6.302 KB
[03:10:22.183][info] [#0:script/workspace/loading.lua:113]: ++++As library of:	file:///home/moffinguer/.local/share/nvim/mason/packages/lua-server-lang/meta/Lua%205.4%20en-us%20utf8/string.lua
[03:10:22.183][info] [#0:script/workspace/loading.lua:101]: Preload file at: file:///home/moffinguer/.local/share/nvim/mason/packages/lua-server-lang/meta/Lua%205.4%20en-us%20utf8/os.lua , size = 4.347 KB
[03:10:22.186][info] [#0:script/workspace/loading.lua:113]: ++++As library of:	file:///home/moffinguer/.local/share/nvim/mason/packages/lua-server-lang/meta/Lua%205.4%20en-us%20utf8/os.lua
[03:10:22.186][info] [#0:script/workspace/loading.lua:101]: Preload file at: file:///home/moffinguer/.local/share/nvim/mason/packages/lua-server-lang/meta/Lua%205.4%20en-us%20utf8/table.lua , size = 4.230 KB
[03:10:22.193][info] [#0:script/workspace/loading.lua:113]: ++++As library of:	file:///home/moffinguer/.local/share/nvim/mason/packages/lua-server-lang/meta/Lua%205.4%20en-us%20utf8/table.lua
[03:10:22.193][info] [#0:script/workspace/loading.lua:101]: Preload file at: file:///home/moffinguer/.local/share/nvim/mason/packages/lua-server-lang/meta/Lua%205.4%20en-us%20utf8/utf8.lua , size = 2.386 KB
[03:10:22.194][info] [#0:script/workspace/loading.lua:113]: ++++As library of:	file:///home/moffinguer/.local/share/nvim/mason/packages/lua-server-lang/meta/Lua%205.4%20en-us%20utf8/utf8.lua
[03:10:22.194][info] [#0:script/workspace/loading.lua:101]: Preload file at: file:///home/moffinguer/.local/share/nvim/mason/packages/lua-server-lang/meta/Lua%205.4%20en-us%20utf8/basic.lua , size = 15.185 KB
[03:10:22.201][info] [#0:script/workspace/loading.lua:113]: ++++As library of:	file:///home/moffinguer/.local/share/nvim/mason/packages/lua-server-lang/meta/Lua%205.4%20en-us%20utf8/basic.lua
[03:10:22.201][info] [#0:script/workspace/loading.lua:101]: Preload file at: file:///home/moffinguer/.local/share/nvim/mason/packages/lua-server-lang/meta/Lua%205.4%20en-us%20utf8/coroutine.lua , size = 2.590 KB
[03:10:22.203][info] [#0:script/workspace/loading.lua:113]: ++++As library of:	file:///home/moffinguer/.local/share/nvim/mason/packages/lua-server-lang/meta/Lua%205.4%20en-us%20utf8/coroutine.lua
[03:10:22.203][info] [#0:script/workspace/loading.lua:101]: Preload file at: file:///home/moffinguer/.local/share/nvim/mason/packages/lua-server-lang/meta/Lua%205.4%20en-us%20utf8/builtin.lua , size = 0.302 KB
[03:10:22.203][info] [#0:script/workspace/loading.lua:113]: ++++As library of:	file:///home/moffinguer/.local/share/nvim/mason/packages/lua-server-lang/meta/Lua%205.4%20en-us%20utf8/builtin.lua
[03:10:22.203][info] [#0:script/workspace/loading.lua:173]: Loaded files takes [0.054] sec: <fallback>
[03:10:22.203][info] [#0:script/workspace/loading.lua:182]: Compile files takes [0.000] sec: <fallback>
[03:10:22.203][info] [#0:script/workspace/loading.lua:183]: Loaded finish:	<fallback>
[03:10:22.203][info] [#0:script/workspace/workspace.lua:379]: Preload finish at:	<fallback>
[03:10:22.214][info] [#0:script/workspace/workspace.lua:351]: Scan library at:	file:///home/moffinguer/.config/nvim/autoload/plugged/vim-gitgutter
[03:10:22.217][info] [#0:script/workspace/workspace.lua:351]: Scan library at:	file:///home/moffinguer/.config/nvim/autoload/plugged/nvim-web-devicons
[03:10:22.219][info] [#0:script/workspace/workspace.lua:351]: Scan library at:	file:///home/moffinguer/.config/nvim/autoload/plugged/auto-pairs
[03:10:22.220][info] [#0:script/workspace/workspace.lua:351]: Scan library at:	file:///home/moffinguer/.config/nvim/autoload/plugged/nvim-jdtls
[03:10:22.224][info] [#0:script/workspace/workspace.lua:351]: Scan library at:	file:///home/moffinguer/.local/share/nvim/mason/packages/lua-server-lang/meta/3rd/luassert/library
[03:10:22.225][info] [#0:script/workspace/workspace.lua:351]: Scan library at:	file:///usr/lib/nvim
[03:10:22.225][info] [#0:script/workspace/workspace.lua:351]: Scan library at:	file:///home/moffinguer/.config/nvim/autoload/plugged/cmp_luasnip/after
[03:10:22.226][info] [#0:script/workspace/workspace.lua:351]: Scan library at:	file:///home/moffinguer/.config/nvim/autoload/plugged/vim-airline
[03:10:22.236][info] [#0:script/workspace/workspace.lua:351]: Scan library at:	file:///home/moffinguer/.local/share/nvim/mason/packages/lua-server-lang/meta/Lua%205.4%20en-us%20utf8/string.lua
[03:10:22.236][info] [#0:script/workspace/workspace.lua:351]: Scan library at:	file:///home/moffinguer/.config/nvim
[03:10:27.686][info] [#0:script/provider/provider.lua:169]: Server shutdown.
[03:10:27.690][info] [#0:script/provider/provider.lua:162]: Server exited.
